<?xml version="1.0" encoding="UTF-8"?>
<!-- Generated by org.testng.reporters.JUnitXMLReporter -->
<testsuite ignored="0" hostname="artdsktp44" failures="0" tests="5" name="OpenCartTest" time="43.079" errors="0" timestamp="2023-03-07T13:12:41 IST">
  <testcase classname="testCases.RegisterTest" name="TC001_verify_register_link" time="0.692"/>
  <testcase classname="testCases.RegisterTest" name="TC004_verify_signUp_functionality" time="6.838"/>
  <testcase classname="testCases.LoginTest" name="TC005_verify_login_with_valid_data" time="1.121"/>
  <testcase classname="testCases.AccountOverviewTest" name="TC007_verify_account_overview" time="5.283"/>
  <testcase classname="testCases.AccountOverviewTest" name="TC008_verify_create_new_Acc" time="9.772"/>
</testsuite> <!-- OpenCartTest -->
