<?xml version="1.0" encoding="UTF-8"?>
<testng-results ignored="0" total="5" passed="5" failed="0" skipped="0">
  <reporter-output>
  </reporter-output>
  <suite started-at="2023-03-07T13:11:58 IST" name="OpencartSuite" finished-at="2023-03-07T13:12:41 IST" duration-ms="43079">
    <groups>
    </groups>
    <test started-at="2023-03-07T13:11:58 IST" name="OpenCartTest" finished-at="2023-03-07T13:12:41 IST" duration-ms="43079">
      <class name="testCases.LoginTest">
        <test-method is-config="true" signature="setup(java.lang.String)[pri:0, instance:testCases.LoginTest@3427b02d]" started-at="2023-03-07T13:12:13 IST" name="setup" finished-at="2023-03-07T13:12:19 IST" duration-ms="5661" status="PASS">
          <params>
            <param index="0">
              <value>
                <![CDATA[edge]]>
              </value>
            </param>
          </params>
          <reporter-output>
          </reporter-output>
        </test-method> <!-- setup -->
        <test-method signature="TC005_verify_login_with_valid_data()[pri:0, instance:testCases.LoginTest@3427b02d]" started-at="2023-03-07T13:12:19 IST" name="TC005_verify_login_with_valid_data" finished-at="2023-03-07T13:12:20 IST" duration-ms="1121" status="PASS">
          <reporter-output>
          </reporter-output>
        </test-method> <!-- TC005_verify_login_with_valid_data -->
        <test-method is-config="true" signature="tearDown()[pri:0, instance:testCases.LoginTest@3427b02d]" started-at="2023-03-07T13:12:20 IST" name="tearDown" finished-at="2023-03-07T13:12:20 IST" duration-ms="650" status="PASS">
          <reporter-output>
          </reporter-output>
        </test-method> <!-- tearDown -->
      </class> <!-- testCases.LoginTest -->
      <class name="testCases.RegisterTest">
        <test-method is-config="true" signature="setup(java.lang.String)[pri:0, instance:testCases.RegisterTest@3daa422a]" started-at="2023-03-07T13:11:58 IST" name="setup" finished-at="2023-03-07T13:12:05 IST" duration-ms="6615" status="PASS">
          <params>
            <param index="0">
              <value>
                <![CDATA[edge]]>
              </value>
            </param>
          </params>
          <reporter-output>
          </reporter-output>
        </test-method> <!-- setup -->
        <test-method signature="TC001_verify_register_link()[pri:0, instance:testCases.RegisterTest@3daa422a]" started-at="2023-03-07T13:12:05 IST" name="TC001_verify_register_link" finished-at="2023-03-07T13:12:05 IST" duration-ms="692" status="PASS">
          <reporter-output>
          </reporter-output>
        </test-method> <!-- TC001_verify_register_link -->
        <test-method signature="TC004_verify_signUp_functionality()[pri:0, instance:testCases.RegisterTest@3daa422a]" started-at="2023-03-07T13:12:05 IST" name="TC004_verify_signUp_functionality" finished-at="2023-03-07T13:12:12 IST" depends-on-methods="testCases.RegisterTest.TC001_verify_register_link" duration-ms="6838" status="PASS">
          <reporter-output>
          </reporter-output>
        </test-method> <!-- TC004_verify_signUp_functionality -->
        <test-method is-config="true" signature="tearDown()[pri:0, instance:testCases.RegisterTest@3daa422a]" started-at="2023-03-07T13:12:12 IST" name="tearDown" finished-at="2023-03-07T13:12:13 IST" duration-ms="692" status="PASS">
          <reporter-output>
          </reporter-output>
        </test-method> <!-- tearDown -->
      </class> <!-- testCases.RegisterTest -->
      <class name="testCases.AccountOverviewTest">
        <test-method is-config="true" signature="setup(java.lang.String)[pri:0, instance:testCases.AccountOverviewTest@647e447]" started-at="2023-03-07T13:12:20 IST" name="setup" finished-at="2023-03-07T13:12:25 IST" duration-ms="4848" status="PASS">
          <params>
            <param index="0">
              <value>
                <![CDATA[edge]]>
              </value>
            </param>
          </params>
          <reporter-output>
          </reporter-output>
        </test-method> <!-- setup -->
        <test-method signature="TC007_verify_account_overview()[pri:0, instance:testCases.AccountOverviewTest@647e447]" started-at="2023-03-07T13:12:25 IST" name="TC007_verify_account_overview" finished-at="2023-03-07T13:12:30 IST" duration-ms="5283" status="PASS">
          <reporter-output>
          </reporter-output>
        </test-method> <!-- TC007_verify_account_overview -->
        <test-method signature="TC008_verify_create_new_Acc()[pri:0, instance:testCases.AccountOverviewTest@647e447]" started-at="2023-03-07T13:12:30 IST" name="TC008_verify_create_new_Acc" finished-at="2023-03-07T13:12:40 IST" duration-ms="9772" status="PASS">
          <reporter-output>
          </reporter-output>
        </test-method> <!-- TC008_verify_create_new_Acc -->
        <test-method is-config="true" signature="tearDown()[pri:0, instance:testCases.AccountOverviewTest@647e447]" started-at="2023-03-07T13:12:40 IST" name="tearDown" finished-at="2023-03-07T13:12:41 IST" duration-ms="682" status="PASS">
          <reporter-output>
          </reporter-output>
        </test-method> <!-- tearDown -->
      </class> <!-- testCases.AccountOverviewTest -->
    </test> <!-- OpenCartTest -->
  </suite> <!-- OpencartSuite -->
</testng-results>
